# JRE version: Java(TM) SE Runtime Environment (8.0_111-b14) (build 1.8.0_111-b14)
# Java VM: Java HotSpot(TM) 64-Bit Server VM (25.111-b14 mixed mode windows-amd64 compressed oops)
Heap:
 PSYoungGen      total 384512K, used 129414K [0x00000000d5f80000, 0x00000000f0a00000, 0x0000000100000000)
  eden space 360448K, 29% used [0x00000000d5f80000,0x00000000dc669800,0x00000000ebf80000)
  from space 24064K, 99% used [0x00000000ee000000,0x00000000ef778300,0x00000000ef780000)
  to   space 33280K, 0% used [0x00000000ebf80000,0x00000000ebf80000,0x00000000ee000000)
 ParOldGen       total 114688K, used 66775K [0x0000000081e00000, 0x0000000088e00000, 0x00000000d5f80000)
  object space 114688K, 58% used [0x0000000081e00000,0x0000000085f35f50,0x0000000088e00000)
 Metaspace       used 25929K, capacity 26650K, committed 26752K, reserved 1073152K
  class space    used 2868K, capacity 3124K, committed 3200K, reserved 1048576K
GC Heap History (10 events):
Event: 14.824 GC heap before
{Heap before GC invocations=13 (full 1):
 PSYoungGen      total 224256K, used 202752K [0x00000000d5f80000, 0x00000000ec480000, 0x0000000100000000)
  eden space 202752K, 100% used [0x00000000d5f80000,0x00000000e2580000,0x00000000e2580000)
  from space 21504K, 0% used [0x00000000e2580000,0x00000000e2580000,0x00000000e3a80000)
  to   space 20480K, 0% used [0x00000000eb080000,0x00000000eb080000,0x00000000ec480000)
 ParOldGen       total 114688K, used 49292K [0x0000000081e00000, 0x0000000088e00000, 0x00000000d5f80000)
  object space 114688K, 42% used [0x0000000081e00000,0x0000000084e23278,0x0000000088e00000)
 Metaspace       used 22394K, capacity 22994K, committed 23296K, reserved 1069056K
  class space    used 2532K, capacity 2722K, committed 2816K, reserved 1048576K
Event: 14.840 GC heap after
Heap after GC invocations=13 (full 1):
 PSYoungGen      total 257536K, used 5910K [0x00000000d5f80000, 0x00000000eb680000, 0x0000000100000000)
  eden space 251392K, 0% used [0x00000000d5f80000,0x00000000d5f80000,0x00000000e5500000)
  from space 6144K, 96% used [0x00000000eb080000,0x00000000eb645990,0x00000000eb680000)
  to   space 20480K, 0% used [0x00000000e8e80000,0x00000000e8e80000,0x00000000ea280000)
 ParOldGen       total 114688K, used 49292K [0x0000000081e00000, 0x0000000088e00000, 0x00000000d5f80000)
  object space 114688K, 42% used [0x0000000081e00000,0x0000000084e23278,0x0000000088e00000)
 Metaspace       used 22394K, capacity 22994K, committed 23296K, reserved 1069056K
  class space    used 2532K, capacity 2722K, committed 2816K, reserved 1048576K
}
Event: 16.112 GC heap before
{Heap before GC invocations=14 (full 1):
 PSYoungGen      total 257536K, used 257302K [0x00000000d5f80000, 0x00000000eb680000, 0x0000000100000000)
  eden space 251392K, 100% used [0x00000000d5f80000,0x00000000e5500000,0x00000000e5500000)
  from space 6144K, 96% used [0x00000000eb080000,0x00000000eb645990,0x00000000eb680000)
  to   space 20480K, 0% used [0x00000000e8e80000,0x00000000e8e80000,0x00000000ea280000)
 ParOldGen       total 114688K, used 49292K [0x0000000081e00000, 0x0000000088e00000, 0x00000000d5f80000)
  object space 114688K, 42% used [0x0000000081e00000,0x0000000084e23278,0x0000000088e00000)
 Metaspace       used 22510K, capacity 23146K, committed 23296K, reserved 1069056K
  class space    used 2534K, capacity 2726K, committed 2816K, reserved 1048576K
Event: 16.133 GC heap after
Heap after GC invocations=14 (full 1):
 PSYoungGen      total 316416K, used 9536K [0x00000000d5f80000, 0x00000000eb100000, 0x0000000100000000)
  eden space 306688K, 0% used [0x00000000d5f80000,0x00000000d5f80000,0x00000000e8b00000)
  from space 9728K, 98% used [0x00000000e8e80000,0x00000000e97d0130,0x00000000e9800000)
  to   space 19456K, 0% used [0x00000000e9e00000,0x00000000e9e00000,0x00000000eb100000)
 ParOldGen       total 114688K, used 49300K [0x0000000081e00000, 0x0000000088e00000, 0x00000000d5f80000)
  object space 114688K, 42% used [0x0000000081e00000,0x0000000084e25278,0x0000000088e00000)
 Metaspace       used 22510K, capacity 23146K, committed 23296K, reserved 1069056K
  class space    used 2534K, capacity 2726K, committed 2816K, reserved 1048576K
}
Event: 17.035 GC heap before
{Heap before GC invocations=15 (full 1):
 PSYoungGen      total 316416K, used 316224K [0x00000000d5f80000, 0x00000000eb100000, 0x0000000100000000)
  eden space 306688K, 100% used [0x00000000d5f80000,0x00000000e8b00000,0x00000000e8b00000)
  from space 9728K, 98% used [0x00000000e8e80000,0x00000000e97d0130,0x00000000e9800000)
  to   space 19456K, 0% used [0x00000000e9e00000,0x00000000e9e00000,0x00000000eb100000)
 ParOldGen       total 114688K, used 49300K [0x0000000081e00000, 0x0000000088e00000, 0x00000000d5f80000)
  object space 114688K, 42% used [0x0000000081e00000,0x0000000084e25278,0x0000000088e00000)
 Metaspace       used 22547K, capacity 23210K, committed 23552K, reserved 1071104K
  class space    used 2534K, capacity 2726K, committed 2816K, reserved 1048576K
Event: 17.060 GC heap after
Heap after GC invocations=15 (full 1):
 PSYoungGen      total 325120K, used 15552K [0x00000000d5f80000, 0x00000000ef580000, 0x0000000100000000)
  eden space 305664K, 0% used [0x00000000d5f80000,0x00000000d5f80000,0x00000000e8a00000)
  from space 19456K, 79% used [0x00000000e9e00000,0x00000000ead30210,0x00000000eb100000)
  to   space 20480K, 0% used [0x00000000e8a00000,0x00000000e8a00000,0x00000000e9e00000)
 ParOldGen       total 114688K, used 49308K [0x0000000081e00000, 0x0000000088e00000, 0x00000000d5f80000)
  object space 114688K, 42% used [0x0000000081e00000,0x0000000084e27278,0x0000000088e00000)
 Metaspace       used 22547K, capacity 23210K, committed 23552K, reserved 1071104K
  class space    used 2534K, capacity 2726K, committed 2816K, reserved 1048576K
}
Event: 20.104 GC heap before
{Heap before GC invocations=16 (full 1):
 PSYoungGen      total 325120K, used 321216K [0x00000000d5f80000, 0x00000000ef580000, 0x0000000100000000)
  eden space 305664K, 100% used [0x00000000d5f80000,0x00000000e8a00000,0x00000000e8a00000)
  from space 19456K, 79% used [0x00000000e9e00000,0x00000000ead30210,0x00000000eb100000)
  to   space 20480K, 0% used [0x00000000e8a00000,0x00000000e8a00000,0x00000000e9e00000)
 ParOldGen       total 114688K, used 49308K [0x0000000081e00000, 0x0000000088e00000, 0x00000000d5f80000)
  object space 114688K, 42% used [0x0000000081e00000,0x0000000084e27278,0x0000000088e00000)
 Metaspace       used 23958K, capacity 24670K, committed 24832K, reserved 1071104K
  class space    used 2702K, capacity 2954K, committed 3072K, reserved 1048576K
Event: 20.152 GC heap after
Heap after GC invocations=16 (full 1):
 PSYoungGen      total 326144K, used 20450K [0x00000000d5f80000, 0x00000000ef780000, 0x0000000100000000)
  eden space 305664K, 0% used [0x00000000d5f80000,0x00000000d5f80000,0x00000000e8a00000)
  from space 20480K, 99% used [0x00000000e8a00000,0x00000000e9df8a68,0x00000000e9e00000)
  to   space 24064K, 0% used [0x00000000ee000000,0x00000000ee000000,0x00000000ef780000)
 ParOldGen       total 114688K, used 50784K [0x0000000081e00000, 0x0000000088e00000, 0x00000000d5f80000)
  object space 114688K, 44% used [0x0000000081e00000,0x0000000084f98280,0x0000000088e00000)
 Metaspace       used 23958K, capacity 24670K, committed 24832K, reserved 1071104K
  class space    used 2702K, capacity 2954K, committed 3072K, reserved 1048576K
}
Event: 23.823 GC heap before
{Heap before GC invocations=17 (full 1):
 PSYoungGen      total 326144K, used 326114K [0x00000000d5f80000, 0x00000000ef780000, 0x0000000100000000)
  eden space 305664K, 100% used [0x00000000d5f80000,0x00000000e8a00000,0x00000000e8a00000)
  from space 20480K, 99% used [0x00000000e8a00000,0x00000000e9df8a68,0x00000000e9e00000)
  to   space 24064K, 0% used [0x00000000ee000000,0x00000000ee000000,0x00000000ef780000)
 ParOldGen       total 114688K, used 50784K [0x0000000081e00000, 0x0000000088e00000, 0x00000000d5f80000)
  object space 114688K, 44% used [0x0000000081e00000,0x0000000084f98280,0x0000000088e00000)
 Metaspace       used 25008K, capacity 25786K, committed 25984K, reserved 1073152K
  class space    used 2822K, capacity 3092K, committed 3200K, reserved 1048576K
Event: 23.917 GC heap after
Heap after GC invocations=17 (full 1):
 PSYoungGen      total 384512K, used 24032K [0x00000000d5f80000, 0x00000000f0a00000, 0x0000000100000000)
  eden space 360448K, 0% used [0x00000000d5f80000,0x00000000d5f80000,0x00000000ebf80000)
  from space 24064K, 99% used [0x00000000ee000000,0x00000000ef778300,0x00000000ef780000)
  to   space 33280K, 0% used [0x00000000ebf80000,0x00000000ebf80000,0x00000000ee000000)
 ParOldGen       total 114688K, used 66775K [0x0000000081e00000, 0x0000000088e00000, 0x00000000d5f80000)
  object space 114688K, 58% used [0x0000000081e00000,0x0000000085f35f50,0x0000000088e00000)
 Metaspace       used 25008K, capacity 25786K, committed 25984K, reserved 1073152K
  class space    used 2822K, capacity 3092K, committed 3200K, reserved 1048576K
}

